<?xml version="1.0" encoding="UTF-8"?>
<testng-results skipped="0" failed="1" ignored="0" total="4" passed="3">
  <reporter-output>
  </reporter-output>
  <suite name="Suite" duration-ms="140615" started-at="2020-01-05T01:15:30 IST" finished-at="2020-01-05T01:17:51 IST">
    <groups>
    </groups>
    <test name="Test" duration-ms="15" started-at="2020-01-05T01:15:30 IST" finished-at="2020-01-05T01:15:30 IST">
    </test> <!-- Test -->
    <test name="Test1" duration-ms="72660" started-at="2020-01-05T01:15:31 IST" finished-at="2020-01-05T01:16:44 IST">
      <class name="Academy.ValidateTitle">
        <test-method status="PASS" signature="initialize()[pri:0, instance:Academy.ValidateTitle@33ecda92]" name="initialize" is-config="true" duration-ms="53154" started-at="2020-01-05T01:15:31 IST" finished-at="2020-01-05T01:16:24 IST">
          <reporter-output>
          </reporter-output>
        </test-method> <!-- initialize -->
        <test-method status="FAIL" signature="basePageNavigation()[pri:0, instance:Academy.ValidateTitle@33ecda92]" name="basePageNavigation" duration-ms="1861" started-at="2020-01-05T01:16:24 IST" finished-at="2020-01-05T01:16:26 IST">
          <exception class="java.lang.AssertionError">
            <message>
              <![CDATA[expected [FEATURED COURSES123] but found [FEATURED COURSES]]]>
            </message>
            <full-stacktrace>
              <![CDATA[java.lang.AssertionError: expected [FEATURED COURSES123] but found [FEATURED COURSES]
at org.testng.Assert.fail(Assert.java:97)
at org.testng.Assert.assertEqualsImpl(Assert.java:136)
at org.testng.Assert.assertEquals(Assert.java:118)
at org.testng.Assert.assertEquals(Assert.java:575)
at org.testng.Assert.assertEquals(Assert.java:585)
at Academy.ValidateTitle.basePageNavigation(ValidateTitle.java:34)
at sun.reflect.NativeMethodAccessorImpl.invoke0(Native Method)
at sun.reflect.NativeMethodAccessorImpl.invoke(Unknown Source)
at sun.reflect.DelegatingMethodAccessorImpl.invoke(Unknown Source)
at java.lang.reflect.Method.invoke(Unknown Source)
at org.testng.internal.MethodInvocationHelper.invokeMethod(MethodInvocationHelper.java:133)
at org.testng.internal.TestInvoker.invokeMethod(TestInvoker.java:584)
at org.testng.internal.TestInvoker.invokeTestMethod(TestInvoker.java:172)
at org.testng.internal.MethodRunner.runInSequence(MethodRunner.java:46)
at org.testng.internal.TestInvoker$MethodInvocationAgent.invoke(TestInvoker.java:804)
at org.testng.internal.TestInvoker.invokeTestMethods(TestInvoker.java:145)
at org.testng.internal.TestMethodWorker.invokeTestMethods(TestMethodWorker.java:146)
at org.testng.internal.TestMethodWorker.run(TestMethodWorker.java:128)
at java.util.ArrayList.forEach(Unknown Source)
at org.testng.TestRunner.privateRun(TestRunner.java:770)
at org.testng.TestRunner.run(TestRunner.java:591)
at org.testng.SuiteRunner.runTest(SuiteRunner.java:402)
at org.testng.SuiteRunner.runSequentially(SuiteRunner.java:396)
at org.testng.SuiteRunner.privateRun(SuiteRunner.java:355)
at org.testng.SuiteRunner.run(SuiteRunner.java:304)
at org.testng.SuiteRunnerWorker.runSuite(SuiteRunnerWorker.java:53)
at org.testng.SuiteRunnerWorker.run(SuiteRunnerWorker.java:96)
at org.testng.TestNG.runSuitesSequentially(TestNG.java:1180)
at org.testng.TestNG.runSuitesLocally(TestNG.java:1102)
at org.testng.TestNG.runSuites(TestNG.java:1032)
at org.testng.TestNG.run(TestNG.java:1000)
at org.testng.remote.AbstractRemoteTestNG.run(AbstractRemoteTestNG.java:115)
at org.testng.remote.RemoteTestNG.initAndRun(RemoteTestNG.java:251)
at org.testng.remote.RemoteTestNG.main(RemoteTestNG.java:77)
]]>
            </full-stacktrace>
          </exception> <!-- java.lang.AssertionError -->
          <reporter-output>
          </reporter-output>
        </test-method> <!-- basePageNavigation -->
        <test-method status="PASS" signature="tearDown()[pri:0, instance:Academy.ValidateTitle@33ecda92]" name="tearDown" is-config="true" duration-ms="9219" started-at="2020-01-05T01:16:34 IST" finished-at="2020-01-05T01:16:44 IST">
          <reporter-output>
          </reporter-output>
        </test-method> <!-- tearDown -->
      </class> <!-- Academy.ValidateTitle -->
    </test> <!-- Test1 -->
    <test name="Test2" duration-ms="36153" started-at="2020-01-05T01:16:44 IST" finished-at="2020-01-05T01:17:20 IST">
      <class name="Academy.HomePage">
        <test-method status="PASS" signature="initialize()[pri:0, instance:Academy.HomePage@7e990ed7]" name="initialize" is-config="true" duration-ms="23858" started-at="2020-01-05T01:16:44 IST" finished-at="2020-01-05T01:17:08 IST">
          <reporter-output>
          </reporter-output>
        </test-method> <!-- initialize -->
        <test-method status="PASS" signature="basePageNavigation(java.lang.String, java.lang.String, java.lang.String)[pri:0, instance:Academy.HomePage@7e990ed7]" name="basePageNavigation" duration-ms="6618" started-at="2020-01-05T01:17:08 IST" data-provider="getData" finished-at="2020-01-05T01:17:14 IST">
          <params>
            <param index="0">
              <value>
                <![CDATA[nonrestricteduser@qw.com]]>
              </value>
            </param>
            <param index="1">
              <value>
                <![CDATA[123456]]>
              </value>
            </param>
            <param index="2">
              <value>
                <![CDATA[Restricted User]]>
              </value>
            </param>
          </params>
          <reporter-output>
          </reporter-output>
        </test-method> <!-- basePageNavigation -->
        <test-method status="PASS" signature="basePageNavigation(java.lang.String, java.lang.String, java.lang.String)[pri:0, instance:Academy.HomePage@7e990ed7]" name="basePageNavigation" duration-ms="5295" started-at="2020-01-05T01:17:14 IST" data-provider="getData" finished-at="2020-01-05T01:17:20 IST">
          <params>
            <param index="0">
              <value>
                <![CDATA[restricteduser@qw.com]]>
              </value>
            </param>
            <param index="1">
              <value>
                <![CDATA[456789]]>
              </value>
            </param>
            <param index="2">
              <value>
                <![CDATA[Non Restricted User]]>
              </value>
            </param>
          </params>
          <reporter-output>
          </reporter-output>
        </test-method> <!-- basePageNavigation -->
        <test-method status="PASS" signature="tearDown()[pri:0, instance:Academy.HomePage@7e990ed7]" name="tearDown" is-config="true" duration-ms="360" started-at="2020-01-05T01:17:20 IST" finished-at="2020-01-05T01:17:20 IST">
          <reporter-output>
          </reporter-output>
        </test-method> <!-- tearDown -->
      </class> <!-- Academy.HomePage -->
    </test> <!-- Test2 -->
    <test name="Test3" duration-ms="31020" started-at="2020-01-05T01:17:20 IST" finished-at="2020-01-05T01:17:51 IST">
      <class name="Academy.ValidateNavbar">
        <test-method status="PASS" signature="initialize()[pri:0, instance:Academy.ValidateNavbar@79207381]" name="initialize" is-config="true" duration-ms="28108" started-at="2020-01-05T01:17:20 IST" finished-at="2020-01-05T01:17:48 IST">
          <reporter-output>
          </reporter-output>
        </test-method> <!-- initialize -->
        <test-method status="PASS" signature="basePageNavigation()[pri:0, instance:Academy.ValidateNavbar@79207381]" name="basePageNavigation" duration-ms="572" started-at="2020-01-05T01:17:48 IST" finished-at="2020-01-05T01:17:49 IST">
          <reporter-output>
          </reporter-output>
        </test-method> <!-- basePageNavigation -->
        <test-method status="PASS" signature="tearDown()[pri:0, instance:Academy.ValidateNavbar@79207381]" name="tearDown" is-config="true" duration-ms="2333" started-at="2020-01-05T01:17:49 IST" finished-at="2020-01-05T01:17:51 IST">
          <reporter-output>
          </reporter-output>
        </test-method> <!-- tearDown -->
      </class> <!-- Academy.ValidateNavbar -->
    </test> <!-- Test3 -->
  </suite> <!-- Suite -->
</testng-results>
